[ERROR] 2016-09-14 15:59:16 org.apache.hadoop.util.Shell@(Shell.java:373):Failed to locate the winutils binary in the hadoop binary path
 java.io.IOException: Could not locate executable null\bin\winutils.exe in the Hadoop binaries.
	at org.apache.hadoop.util.Shell.getQualifiedBinPath(Shell.java:355)
	at org.apache.hadoop.util.Shell.getWinUtilsPath(Shell.java:370)
	at org.apache.hadoop.util.Shell.<clinit>(Shell.java:363)
	at org.apache.hadoop.util.GenericOptionsParser.preProcessForWindows(GenericOptionsParser.java:438)
	at org.apache.hadoop.util.GenericOptionsParser.parseGeneralOptions(GenericOptionsParser.java:484)
	at org.apache.hadoop.util.GenericOptionsParser.<init>(GenericOptionsParser.java:170)
	at org.apache.hadoop.util.GenericOptionsParser.<init>(GenericOptionsParser.java:153)
	at org.apache.hadoop.util.ToolRunner.run(ToolRunner.java:64)
	at example.MapredColorCount.main(MapredColorCount.java:72)
[ERROR] 2016-09-14 16:10:43 org.apache.hadoop.util.Shell@(Shell.java:373):Failed to locate the winutils binary in the hadoop binary path
 java.io.IOException: Could not locate executable null\bin\winutils.exe in the Hadoop binaries.
	at org.apache.hadoop.util.Shell.getQualifiedBinPath(Shell.java:355)
	at org.apache.hadoop.util.Shell.getWinUtilsPath(Shell.java:370)
	at org.apache.hadoop.util.Shell.<clinit>(Shell.java:363)
	at org.apache.hadoop.util.GenericOptionsParser.preProcessForWindows(GenericOptionsParser.java:438)
	at org.apache.hadoop.util.GenericOptionsParser.parseGeneralOptions(GenericOptionsParser.java:484)
	at org.apache.hadoop.util.GenericOptionsParser.<init>(GenericOptionsParser.java:170)
	at org.apache.hadoop.util.GenericOptionsParser.<init>(GenericOptionsParser.java:153)
	at org.apache.hadoop.util.ToolRunner.run(ToolRunner.java:64)
	at example.MapredColorCount.main(MapredColorCount.java:72)
[WARN ] 2016-09-14 16:10:44 org.apache.hadoop.util.NativeCodeLoader@(NativeCodeLoader.java:62):Unable to load native-hadoop library for your platform... using builtin-java classes where applicable
 [INFO ] 2016-09-14 16:10:45 org.apache.hadoop.conf.Configuration@(Configuration.java:1129):session.id is deprecated. Instead, use dfs.metrics.session-id
 [INFO ] 2016-09-14 16:10:45 org.apache.hadoop.metrics.jvm.JvmMetrics@(JvmMetrics.java:76):Initializing JVM Metrics with processName=JobTracker, sessionId=
 [INFO ] 2016-09-14 16:10:45 org.apache.hadoop.metrics.jvm.JvmMetrics@(JvmMetrics.java:71):Cannot initialize JVM Metrics with processName=JobTracker, sessionId= - already initialized
 [WARN ] 2016-09-14 16:16:19 org.apache.hadoop.util.NativeCodeLoader@(NativeCodeLoader.java:62):Unable to load native-hadoop library for your platform... using builtin-java classes where applicable
 [ERROR] 2016-09-14 16:16:19 org.apache.hadoop.util.Shell@(Shell.java:373):Failed to locate the winutils binary in the hadoop binary path
 java.io.IOException: Could not locate executable null\bin\winutils.exe in the Hadoop binaries.
	at org.apache.hadoop.util.Shell.getQualifiedBinPath(Shell.java:355)
	at org.apache.hadoop.util.Shell.getWinUtilsPath(Shell.java:370)
	at org.apache.hadoop.util.Shell.<clinit>(Shell.java:363)
	at org.apache.hadoop.util.StringUtils.<clinit>(StringUtils.java:79)
	at org.apache.hadoop.security.Groups.parseStaticMapping(Groups.java:116)
	at org.apache.hadoop.security.Groups.<init>(Groups.java:93)
	at org.apache.hadoop.security.Groups.<init>(Groups.java:73)
	at org.apache.hadoop.security.Groups.getUserToGroupsMappingService(Groups.java:293)
	at org.apache.hadoop.security.UserGroupInformation.initialize(UserGroupInformation.java:283)
	at org.apache.hadoop.security.UserGroupInformation.ensureInitialized(UserGroupInformation.java:260)
	at org.apache.hadoop.security.UserGroupInformation.loginUserFromSubject(UserGroupInformation.java:789)
	at org.apache.hadoop.security.UserGroupInformation.getLoginUser(UserGroupInformation.java:774)
	at org.apache.hadoop.security.UserGroupInformation.getCurrentUser(UserGroupInformation.java:647)
	at org.apache.hadoop.fs.FileSystem$Cache$Key.<init>(FileSystem.java:2753)
	at org.apache.hadoop.fs.FileSystem$Cache$Key.<init>(FileSystem.java:2745)
	at org.apache.hadoop.fs.FileSystem$Cache.get(FileSystem.java:2611)
	at org.apache.hadoop.fs.FileSystem.get(FileSystem.java:370)
	at example.GenerateUser.fileAvroTest(GenerateUser.java:54)
	at example.GenerateUser.main(GenerateUser.java:35)
	at sun.reflect.NativeMethodAccessorImpl.invoke0(Native Method)
	at sun.reflect.NativeMethodAccessorImpl.invoke(NativeMethodAccessorImpl.java:57)
	at sun.reflect.DelegatingMethodAccessorImpl.invoke(DelegatingMethodAccessorImpl.java:43)
	at java.lang.reflect.Method.invoke(Method.java:606)
	at com.intellij.rt.execution.application.AppMain.main(AppMain.java:144)
[WARN ] 2016-09-14 16:17:14 org.apache.hadoop.util.NativeCodeLoader@(NativeCodeLoader.java:62):Unable to load native-hadoop library for your platform... using builtin-java classes where applicable
 [ERROR] 2016-09-14 16:17:14 org.apache.hadoop.util.Shell@(Shell.java:373):Failed to locate the winutils binary in the hadoop binary path
 java.io.IOException: Could not locate executable null\bin\winutils.exe in the Hadoop binaries.
	at org.apache.hadoop.util.Shell.getQualifiedBinPath(Shell.java:355)
	at org.apache.hadoop.util.Shell.getWinUtilsPath(Shell.java:370)
	at org.apache.hadoop.util.Shell.<clinit>(Shell.java:363)
	at org.apache.hadoop.util.StringUtils.<clinit>(StringUtils.java:79)
	at org.apache.hadoop.security.Groups.parseStaticMapping(Groups.java:116)
	at org.apache.hadoop.security.Groups.<init>(Groups.java:93)
	at org.apache.hadoop.security.Groups.<init>(Groups.java:73)
	at org.apache.hadoop.security.Groups.getUserToGroupsMappingService(Groups.java:293)
	at org.apache.hadoop.security.UserGroupInformation.initialize(UserGroupInformation.java:283)
	at org.apache.hadoop.security.UserGroupInformation.ensureInitialized(UserGroupInformation.java:260)
	at org.apache.hadoop.security.UserGroupInformation.loginUserFromSubject(UserGroupInformation.java:789)
	at org.apache.hadoop.security.UserGroupInformation.getLoginUser(UserGroupInformation.java:774)
	at org.apache.hadoop.security.UserGroupInformation.getCurrentUser(UserGroupInformation.java:647)
	at org.apache.hadoop.fs.FileSystem$Cache$Key.<init>(FileSystem.java:2753)
	at org.apache.hadoop.fs.FileSystem$Cache$Key.<init>(FileSystem.java:2745)
	at org.apache.hadoop.fs.FileSystem$Cache.get(FileSystem.java:2611)
	at org.apache.hadoop.fs.FileSystem.get(FileSystem.java:370)
	at example.GenerateUser.fileAvroTest(GenerateUser.java:56)
	at example.GenerateUser.main(GenerateUser.java:37)
	at sun.reflect.NativeMethodAccessorImpl.invoke0(Native Method)
	at sun.reflect.NativeMethodAccessorImpl.invoke(NativeMethodAccessorImpl.java:57)
	at sun.reflect.DelegatingMethodAccessorImpl.invoke(DelegatingMethodAccessorImpl.java:43)
	at java.lang.reflect.Method.invoke(Method.java:606)
	at com.intellij.rt.execution.application.AppMain.main(AppMain.java:144)
[WARN ] 2016-09-14 16:17:48 org.apache.hadoop.util.NativeCodeLoader@(NativeCodeLoader.java:62):Unable to load native-hadoop library for your platform... using builtin-java classes where applicable
 [ERROR] 2016-09-14 16:17:48 org.apache.hadoop.util.Shell@(Shell.java:373):Failed to locate the winutils binary in the hadoop binary path
 java.io.IOException: Could not locate executable null\bin\winutils.exe in the Hadoop binaries.
	at org.apache.hadoop.util.Shell.getQualifiedBinPath(Shell.java:355)
	at org.apache.hadoop.util.Shell.getWinUtilsPath(Shell.java:370)
	at org.apache.hadoop.util.Shell.<clinit>(Shell.java:363)
	at org.apache.hadoop.util.StringUtils.<clinit>(StringUtils.java:79)
	at org.apache.hadoop.security.Groups.parseStaticMapping(Groups.java:116)
	at org.apache.hadoop.security.Groups.<init>(Groups.java:93)
	at org.apache.hadoop.security.Groups.<init>(Groups.java:73)
	at org.apache.hadoop.security.Groups.getUserToGroupsMappingService(Groups.java:293)
	at org.apache.hadoop.security.UserGroupInformation.initialize(UserGroupInformation.java:283)
	at org.apache.hadoop.security.UserGroupInformation.ensureInitialized(UserGroupInformation.java:260)
	at org.apache.hadoop.security.UserGroupInformation.loginUserFromSubject(UserGroupInformation.java:789)
	at org.apache.hadoop.security.UserGroupInformation.getLoginUser(UserGroupInformation.java:774)
	at org.apache.hadoop.security.UserGroupInformation.getCurrentUser(UserGroupInformation.java:647)
	at org.apache.hadoop.fs.FileSystem$Cache$Key.<init>(FileSystem.java:2753)
	at org.apache.hadoop.fs.FileSystem$Cache$Key.<init>(FileSystem.java:2745)
	at org.apache.hadoop.fs.FileSystem$Cache.get(FileSystem.java:2611)
	at org.apache.hadoop.fs.FileSystem.get(FileSystem.java:370)
	at example.GenerateUser.fileAvroTest(GenerateUser.java:56)
	at example.GenerateUser.main(GenerateUser.java:37)
	at sun.reflect.NativeMethodAccessorImpl.invoke0(Native Method)
	at sun.reflect.NativeMethodAccessorImpl.invoke(NativeMethodAccessorImpl.java:57)
	at sun.reflect.DelegatingMethodAccessorImpl.invoke(DelegatingMethodAccessorImpl.java:43)
	at java.lang.reflect.Method.invoke(Method.java:606)
	at com.intellij.rt.execution.application.AppMain.main(AppMain.java:144)
[ERROR] 2016-09-14 16:19:02 org.apache.hadoop.util.Shell@(Shell.java:373):Failed to locate the winutils binary in the hadoop binary path
 java.io.IOException: Could not locate executable null\bin\winutils.exe in the Hadoop binaries.
	at org.apache.hadoop.util.Shell.getQualifiedBinPath(Shell.java:355)
	at org.apache.hadoop.util.Shell.getWinUtilsPath(Shell.java:370)
	at org.apache.hadoop.util.Shell.<clinit>(Shell.java:363)
	at org.apache.hadoop.util.GenericOptionsParser.preProcessForWindows(GenericOptionsParser.java:438)
	at org.apache.hadoop.util.GenericOptionsParser.parseGeneralOptions(GenericOptionsParser.java:484)
	at org.apache.hadoop.util.GenericOptionsParser.<init>(GenericOptionsParser.java:170)
	at org.apache.hadoop.util.GenericOptionsParser.<init>(GenericOptionsParser.java:153)
	at org.apache.hadoop.util.ToolRunner.run(ToolRunner.java:64)
	at example.MapredColorCount.main(MapredColorCount.java:72)
[WARN ] 2016-09-14 16:19:02 org.apache.hadoop.util.NativeCodeLoader@(NativeCodeLoader.java:62):Unable to load native-hadoop library for your platform... using builtin-java classes where applicable
 [INFO ] 2016-09-14 16:19:02 org.apache.hadoop.conf.Configuration@(Configuration.java:1129):session.id is deprecated. Instead, use dfs.metrics.session-id
 [INFO ] 2016-09-14 16:19:02 org.apache.hadoop.metrics.jvm.JvmMetrics@(JvmMetrics.java:76):Initializing JVM Metrics with processName=JobTracker, sessionId=
 [INFO ] 2016-09-14 16:19:02 org.apache.hadoop.metrics.jvm.JvmMetrics@(JvmMetrics.java:71):Cannot initialize JVM Metrics with processName=JobTracker, sessionId= - already initialized
 [ERROR] 2016-09-14 16:20:58 org.apache.hadoop.util.Shell@(Shell.java:373):Failed to locate the winutils binary in the hadoop binary path
 java.io.IOException: Could not locate executable null\bin\winutils.exe in the Hadoop binaries.
	at org.apache.hadoop.util.Shell.getQualifiedBinPath(Shell.java:355)
	at org.apache.hadoop.util.Shell.getWinUtilsPath(Shell.java:370)
	at org.apache.hadoop.util.Shell.<clinit>(Shell.java:363)
	at org.apache.hadoop.util.GenericOptionsParser.preProcessForWindows(GenericOptionsParser.java:438)
	at org.apache.hadoop.util.GenericOptionsParser.parseGeneralOptions(GenericOptionsParser.java:484)
	at org.apache.hadoop.util.GenericOptionsParser.<init>(GenericOptionsParser.java:170)
	at org.apache.hadoop.util.GenericOptionsParser.<init>(GenericOptionsParser.java:153)
	at org.apache.hadoop.util.ToolRunner.run(ToolRunner.java:64)
	at example.MapredColorCount.main(MapredColorCount.java:84)
[WARN ] 2016-09-14 16:20:59 org.apache.hadoop.util.NativeCodeLoader@(NativeCodeLoader.java:62):Unable to load native-hadoop library for your platform... using builtin-java classes where applicable
 [INFO ] 2016-09-14 16:21:00 org.apache.hadoop.yarn.client.RMProxy@(RMProxy.java:98):Connecting to ResourceManager at master/192.168.3.174:8032
 [INFO ] 2016-09-14 16:21:00 org.apache.hadoop.yarn.client.RMProxy@(RMProxy.java:98):Connecting to ResourceManager at master/192.168.3.174:8032
 [ERROR] 2016-09-14 16:21:28 org.apache.hadoop.util.Shell@(Shell.java:373):Failed to locate the winutils binary in the hadoop binary path
 java.io.IOException: Could not locate executable null\bin\winutils.exe in the Hadoop binaries.
	at org.apache.hadoop.util.Shell.getQualifiedBinPath(Shell.java:355)
	at org.apache.hadoop.util.Shell.getWinUtilsPath(Shell.java:370)
	at org.apache.hadoop.util.Shell.<clinit>(Shell.java:363)
	at org.apache.hadoop.util.GenericOptionsParser.preProcessForWindows(GenericOptionsParser.java:438)
	at org.apache.hadoop.util.GenericOptionsParser.parseGeneralOptions(GenericOptionsParser.java:484)
	at org.apache.hadoop.util.GenericOptionsParser.<init>(GenericOptionsParser.java:170)
	at org.apache.hadoop.util.GenericOptionsParser.<init>(GenericOptionsParser.java:153)
	at org.apache.hadoop.util.ToolRunner.run(ToolRunner.java:64)
	at example.MapredColorCount.main(MapredColorCount.java:86)
[WARN ] 2016-09-14 16:21:28 org.apache.hadoop.util.NativeCodeLoader@(NativeCodeLoader.java:62):Unable to load native-hadoop library for your platform... using builtin-java classes where applicable
 [INFO ] 2016-09-14 16:21:29 org.apache.hadoop.yarn.client.RMProxy@(RMProxy.java:98):Connecting to ResourceManager at master/192.168.3.174:8032
 [INFO ] 2016-09-14 16:21:29 org.apache.hadoop.yarn.client.RMProxy@(RMProxy.java:98):Connecting to ResourceManager at master/192.168.3.174:8032
 [INFO ] 2016-09-14 16:21:30 org.apache.hadoop.mapreduce.JobSubmitter@(JobSubmitter.java:250):Cleaning up the staging area /tmp/hadoop-yarn/staging/root/.staging/job_1473869559052_0001
 [ERROR] 2016-09-14 16:22:16 org.apache.hadoop.util.Shell@(Shell.java:373):Failed to locate the winutils binary in the hadoop binary path
 java.io.IOException: Could not locate executable null\bin\winutils.exe in the Hadoop binaries.
	at org.apache.hadoop.util.Shell.getQualifiedBinPath(Shell.java:355)
	at org.apache.hadoop.util.Shell.getWinUtilsPath(Shell.java:370)
	at org.apache.hadoop.util.Shell.<clinit>(Shell.java:363)
	at org.apache.hadoop.util.GenericOptionsParser.preProcessForWindows(GenericOptionsParser.java:438)
	at org.apache.hadoop.util.GenericOptionsParser.parseGeneralOptions(GenericOptionsParser.java:484)
	at org.apache.hadoop.util.GenericOptionsParser.<init>(GenericOptionsParser.java:170)
	at org.apache.hadoop.util.GenericOptionsParser.<init>(GenericOptionsParser.java:153)
	at org.apache.hadoop.util.ToolRunner.run(ToolRunner.java:64)
	at example.MapredColorCount.main(MapredColorCount.java:86)
[WARN ] 2016-09-14 16:22:16 org.apache.hadoop.util.NativeCodeLoader@(NativeCodeLoader.java:62):Unable to load native-hadoop library for your platform... using builtin-java classes where applicable
 [INFO ] 2016-09-14 16:22:17 org.apache.hadoop.yarn.client.RMProxy@(RMProxy.java:98):Connecting to ResourceManager at master/192.168.3.174:8032
 [INFO ] 2016-09-14 16:22:18 org.apache.hadoop.yarn.client.RMProxy@(RMProxy.java:98):Connecting to ResourceManager at master/192.168.3.174:8032
 [INFO ] 2016-09-14 16:22:18 org.apache.hadoop.mapred.FileInputFormat@(FileInputFormat.java:247):Total input paths to process : 1
 [INFO ] 2016-09-14 16:22:18 org.apache.hadoop.mapreduce.JobSubmitter@(JobSubmitter.java:199):number of splits:2
 [INFO ] 2016-09-14 16:22:19 org.apache.hadoop.mapreduce.JobSubmitter@(JobSubmitter.java:288):Submitting tokens for job: job_1473869559052_0002
 [INFO ] 2016-09-14 16:22:19 org.apache.hadoop.yarn.client.api.impl.YarnClientImpl@(YarnClientImpl.java:251):Submitted application application_1473869559052_0002
 [INFO ] 2016-09-14 16:22:19 org.apache.hadoop.mapreduce.Job@(Job.java:1301):The url to track the job: http://master:8088/proxy/application_1473869559052_0002/
 [INFO ] 2016-09-14 16:22:20 org.apache.hadoop.mapreduce.Job@(Job.java:1346):Running job: job_1473869559052_0002
 [INFO ] 2016-09-14 16:22:25 org.apache.hadoop.mapreduce.Job@(Job.java:1367):Job job_1473869559052_0002 running in uber mode : false
 [INFO ] 2016-09-14 16:22:25 org.apache.hadoop.mapreduce.Job@(Job.java:1374): map 0% reduce 0%
 [INFO ] 2016-09-14 16:22:30 org.apache.hadoop.mapreduce.Job@(Job.java:1453):Task Id : attempt_1473869559052_0002_m_000000_0, Status : FAILED
 [INFO ] 2016-09-14 16:22:30 org.apache.hadoop.mapreduce.Job@(Job.java:1453):Task Id : attempt_1473869559052_0002_m_000001_0, Status : FAILED
 [INFO ] 2016-09-14 16:22:33 org.apache.hadoop.mapreduce.Job@(Job.java:1453):Task Id : attempt_1473869559052_0002_m_000001_1, Status : FAILED
 [INFO ] 2016-09-14 16:22:33 org.apache.hadoop.mapreduce.Job@(Job.java:1453):Task Id : attempt_1473869559052_0002_m_000000_1, Status : FAILED
 [INFO ] 2016-09-14 16:22:36 org.apache.hadoop.mapreduce.Job@(Job.java:1453):Task Id : attempt_1473869559052_0002_m_000001_2, Status : FAILED
 [INFO ] 2016-09-14 16:22:37 org.apache.hadoop.mapreduce.Job@(Job.java:1453):Task Id : attempt_1473869559052_0002_m_000000_2, Status : FAILED
 [INFO ] 2016-09-14 16:22:39 org.apache.hadoop.mapreduce.Job@(Job.java:1374): map 100% reduce 100%
 [INFO ] 2016-09-14 16:22:39 org.apache.hadoop.mapreduce.Job@(Job.java:1387):Job job_1473869559052_0002 failed with state FAILED due to: Task failed task_1473869559052_0002_m_000001
Job failed as tasks failed. failedMaps:1 failedReduces:0

 [INFO ] 2016-09-14 16:22:39 org.apache.hadoop.mapreduce.Job@(Job.java:1392):Counters: 14
	Job Counters 
		Failed map tasks=7
		Killed map tasks=1
		Killed reduce tasks=1
		Launched map tasks=7
		Other local map tasks=5
		Data-local map tasks=2
		Total time spent by all maps in occupied slots (ms)=16802
		Total time spent by all reduces in occupied slots (ms)=0
		Total time spent by all map tasks (ms)=16802
		Total time spent by all reduce tasks (ms)=0
		Total vcore-milliseconds taken by all map tasks=16802
		Total vcore-milliseconds taken by all reduce tasks=0
		Total megabyte-milliseconds taken by all map tasks=17205248
		Total megabyte-milliseconds taken by all reduce tasks=0
 [ERROR] 2016-09-14 16:42:31 org.apache.hadoop.util.Shell@(Shell.java:373):Failed to locate the winutils binary in the hadoop binary path
 java.io.IOException: Could not locate executable null\bin\winutils.exe in the Hadoop binaries.
	at org.apache.hadoop.util.Shell.getQualifiedBinPath(Shell.java:355)
	at org.apache.hadoop.util.Shell.getWinUtilsPath(Shell.java:370)
	at org.apache.hadoop.util.Shell.<clinit>(Shell.java:363)
	at org.apache.hadoop.util.GenericOptionsParser.preProcessForWindows(GenericOptionsParser.java:438)
	at org.apache.hadoop.util.GenericOptionsParser.parseGeneralOptions(GenericOptionsParser.java:484)
	at org.apache.hadoop.util.GenericOptionsParser.<init>(GenericOptionsParser.java:170)
	at org.apache.hadoop.util.GenericOptionsParser.<init>(GenericOptionsParser.java:153)
	at org.apache.hadoop.util.ToolRunner.run(ToolRunner.java:64)
	at example.MapredColorCount.main(MapredColorCount.java:87)
[WARN ] 2016-09-14 16:42:31 org.apache.hadoop.util.NativeCodeLoader@(NativeCodeLoader.java:62):Unable to load native-hadoop library for your platform... using builtin-java classes where applicable
 [INFO ] 2016-09-14 16:42:32 org.apache.hadoop.yarn.client.RMProxy@(RMProxy.java:98):Connecting to ResourceManager at master/192.168.3.174:8032
 [INFO ] 2016-09-14 16:42:32 org.apache.hadoop.yarn.client.RMProxy@(RMProxy.java:98):Connecting to ResourceManager at master/192.168.3.174:8032
 [ERROR] 2016-09-14 16:43:59 org.apache.hadoop.util.Shell@(Shell.java:373):Failed to locate the winutils binary in the hadoop binary path
 java.io.IOException: Could not locate executable null\bin\winutils.exe in the Hadoop binaries.
	at org.apache.hadoop.util.Shell.getQualifiedBinPath(Shell.java:355)
	at org.apache.hadoop.util.Shell.getWinUtilsPath(Shell.java:370)
	at org.apache.hadoop.util.Shell.<clinit>(Shell.java:363)
	at org.apache.hadoop.util.GenericOptionsParser.preProcessForWindows(GenericOptionsParser.java:438)
	at org.apache.hadoop.util.GenericOptionsParser.parseGeneralOptions(GenericOptionsParser.java:484)
	at org.apache.hadoop.util.GenericOptionsParser.<init>(GenericOptionsParser.java:170)
	at org.apache.hadoop.util.GenericOptionsParser.<init>(GenericOptionsParser.java:153)
	at org.apache.hadoop.util.ToolRunner.run(ToolRunner.java:64)
	at example.MapredColorCount.main(MapredColorCount.java:87)
[WARN ] 2016-09-14 16:43:59 org.apache.hadoop.util.NativeCodeLoader@(NativeCodeLoader.java:62):Unable to load native-hadoop library for your platform... using builtin-java classes where applicable
 [INFO ] 2016-09-14 16:44:00 org.apache.hadoop.yarn.client.RMProxy@(RMProxy.java:98):Connecting to ResourceManager at master/192.168.3.174:8032
 [INFO ] 2016-09-14 16:44:00 org.apache.hadoop.yarn.client.RMProxy@(RMProxy.java:98):Connecting to ResourceManager at master/192.168.3.174:8032
 [INFO ] 2016-09-14 16:44:01 org.apache.hadoop.mapred.FileInputFormat@(FileInputFormat.java:247):Total input paths to process : 1
 [INFO ] 2016-09-14 16:44:01 org.apache.hadoop.mapreduce.JobSubmitter@(JobSubmitter.java:199):number of splits:2
 [INFO ] 2016-09-14 16:44:01 org.apache.hadoop.mapreduce.JobSubmitter@(JobSubmitter.java:288):Submitting tokens for job: job_1473871316656_0001
 [INFO ] 2016-09-14 16:44:01 org.apache.hadoop.yarn.client.api.impl.YarnClientImpl@(YarnClientImpl.java:251):Submitted application application_1473871316656_0001
 [INFO ] 2016-09-14 16:44:02 org.apache.hadoop.mapreduce.Job@(Job.java:1301):The url to track the job: http://master:8088/proxy/application_1473871316656_0001/
 [INFO ] 2016-09-14 16:44:02 org.apache.hadoop.mapreduce.Job@(Job.java:1346):Running job: job_1473871316656_0001
 [INFO ] 2016-09-14 16:44:07 org.apache.hadoop.mapreduce.Job@(Job.java:1367):Job job_1473871316656_0001 running in uber mode : false
 [INFO ] 2016-09-14 16:44:07 org.apache.hadoop.mapreduce.Job@(Job.java:1374): map 0% reduce 0%
 [INFO ] 2016-09-14 16:44:13 org.apache.hadoop.mapreduce.Job@(Job.java:1374): map 100% reduce 0%
 [INFO ] 2016-09-14 16:44:17 org.apache.hadoop.mapreduce.Job@(Job.java:1374): map 100% reduce 100%
 [INFO ] 2016-09-14 16:44:18 org.apache.hadoop.mapreduce.Job@(Job.java:1385):Job job_1473871316656_0001 completed successfully
 [INFO ] 2016-09-14 16:44:18 org.apache.hadoop.mapreduce.Job@(Job.java:1392):Counters: 49
	File System Counters
		FILE: Number of bytes read=41
		FILE: Number of bytes written=325734
		FILE: Number of read operations=0
		FILE: Number of large read operations=0
		FILE: Number of write operations=0
		HDFS: Number of bytes read=1296
		HDFS: Number of bytes written=249
		HDFS: Number of read operations=11
		HDFS: Number of large read operations=0
		HDFS: Number of write operations=2
	Job Counters 
		Launched map tasks=2
		Launched reduce tasks=1
		Data-local map tasks=2
		Total time spent by all maps in occupied slots (ms)=6596
		Total time spent by all reduces in occupied slots (ms)=2267
		Total time spent by all map tasks (ms)=6596
		Total time spent by all reduce tasks (ms)=2267
		Total vcore-milliseconds taken by all map tasks=6596
		Total vcore-milliseconds taken by all reduce tasks=2267
		Total megabyte-milliseconds taken by all map tasks=6754304
		Total megabyte-milliseconds taken by all reduce tasks=2321408
	Map-Reduce Framework
		Map input records=5
		Map output records=5
		Map output bytes=25
		Map output materialized bytes=47
		Input split bytes=178
		Combine input records=0
		Combine output records=0
		Reduce input groups=4
		Reduce shuffle bytes=47
		Reduce input records=5
		Reduce output records=4
		Spilled Records=10
		Shuffled Maps =2
		Failed Shuffles=0
		Merged Map outputs=2
		GC time elapsed (ms)=67
		CPU time spent (ms)=1630
		Physical memory (bytes) snapshot=733437952
		Virtual memory (bytes) snapshot=2674143232
		Total committed heap usage (bytes)=505413632
	Shuffle Errors
		BAD_ID=0
		CONNECTION=0
		IO_ERROR=0
		WRONG_LENGTH=0
		WRONG_MAP=0
		WRONG_REDUCE=0
	File Input Format Counters 
		Bytes Read=1118
	File Output Format Counters 
		Bytes Written=249
 [ERROR] 2016-09-14 16:53:12 org.apache.hadoop.util.Shell@(Shell.java:373):Failed to locate the winutils binary in the hadoop binary path
 java.io.IOException: Could not locate executable null\bin\winutils.exe in the Hadoop binaries.
	at org.apache.hadoop.util.Shell.getQualifiedBinPath(Shell.java:355)
	at org.apache.hadoop.util.Shell.getWinUtilsPath(Shell.java:370)
	at org.apache.hadoop.util.Shell.<clinit>(Shell.java:363)
	at org.apache.hadoop.util.GenericOptionsParser.preProcessForWindows(GenericOptionsParser.java:438)
	at org.apache.hadoop.util.GenericOptionsParser.parseGeneralOptions(GenericOptionsParser.java:484)
	at org.apache.hadoop.util.GenericOptionsParser.<init>(GenericOptionsParser.java:170)
	at org.apache.hadoop.util.GenericOptionsParser.<init>(GenericOptionsParser.java:153)
	at org.apache.hadoop.util.ToolRunner.run(ToolRunner.java:64)
	at example.MapredColorCount.main(MapredColorCount.java:87)
[WARN ] 2016-09-14 16:53:12 org.apache.hadoop.util.NativeCodeLoader@(NativeCodeLoader.java:62):Unable to load native-hadoop library for your platform... using builtin-java classes where applicable
 [INFO ] 2016-09-14 16:53:13 org.apache.hadoop.conf.Configuration@(Configuration.java:1129):session.id is deprecated. Instead, use dfs.metrics.session-id
 [INFO ] 2016-09-14 16:53:13 org.apache.hadoop.metrics.jvm.JvmMetrics@(JvmMetrics.java:76):Initializing JVM Metrics with processName=JobTracker, sessionId=
 [INFO ] 2016-09-14 16:53:13 org.apache.hadoop.metrics.jvm.JvmMetrics@(JvmMetrics.java:71):Cannot initialize JVM Metrics with processName=JobTracker, sessionId= - already initialized
 [ERROR] 2016-09-14 16:54:41 org.apache.hadoop.util.Shell@(Shell.java:373):Failed to locate the winutils binary in the hadoop binary path
 java.io.IOException: Could not locate executable null\bin\winutils.exe in the Hadoop binaries.
	at org.apache.hadoop.util.Shell.getQualifiedBinPath(Shell.java:355)
	at org.apache.hadoop.util.Shell.getWinUtilsPath(Shell.java:370)
	at org.apache.hadoop.util.Shell.<clinit>(Shell.java:363)
	at org.apache.hadoop.util.GenericOptionsParser.preProcessForWindows(GenericOptionsParser.java:438)
	at org.apache.hadoop.util.GenericOptionsParser.parseGeneralOptions(GenericOptionsParser.java:484)
	at org.apache.hadoop.util.GenericOptionsParser.<init>(GenericOptionsParser.java:170)
	at org.apache.hadoop.util.GenericOptionsParser.<init>(GenericOptionsParser.java:153)
	at org.apache.hadoop.util.ToolRunner.run(ToolRunner.java:64)
	at example.MapredColorCount.main(MapredColorCount.java:94)
[WARN ] 2016-09-14 16:54:42 org.apache.hadoop.util.NativeCodeLoader@(NativeCodeLoader.java:62):Unable to load native-hadoop library for your platform... using builtin-java classes where applicable
 [ERROR] 2016-09-14 16:55:14 org.apache.hadoop.util.Shell@(Shell.java:373):Failed to locate the winutils binary in the hadoop binary path
 java.io.IOException: Could not locate executable null\bin\winutils.exe in the Hadoop binaries.
	at org.apache.hadoop.util.Shell.getQualifiedBinPath(Shell.java:355)
	at org.apache.hadoop.util.Shell.getWinUtilsPath(Shell.java:370)
	at org.apache.hadoop.util.Shell.<clinit>(Shell.java:363)
	at org.apache.hadoop.util.GenericOptionsParser.preProcessForWindows(GenericOptionsParser.java:438)
	at org.apache.hadoop.util.GenericOptionsParser.parseGeneralOptions(GenericOptionsParser.java:484)
	at org.apache.hadoop.util.GenericOptionsParser.<init>(GenericOptionsParser.java:170)
	at org.apache.hadoop.util.GenericOptionsParser.<init>(GenericOptionsParser.java:153)
	at org.apache.hadoop.util.ToolRunner.run(ToolRunner.java:64)
	at example.MapredColorCount.main(MapredColorCount.java:94)
[WARN ] 2016-09-14 16:55:14 org.apache.hadoop.util.NativeCodeLoader@(NativeCodeLoader.java:62):Unable to load native-hadoop library for your platform... using builtin-java classes where applicable
 [INFO ] 2016-09-14 16:55:15 org.apache.hadoop.conf.Configuration@(Configuration.java:1129):session.id is deprecated. Instead, use dfs.metrics.session-id
 [INFO ] 2016-09-14 16:55:15 org.apache.hadoop.metrics.jvm.JvmMetrics@(JvmMetrics.java:76):Initializing JVM Metrics with processName=JobTracker, sessionId=
 [INFO ] 2016-09-14 16:55:15 org.apache.hadoop.metrics.jvm.JvmMetrics@(JvmMetrics.java:71):Cannot initialize JVM Metrics with processName=JobTracker, sessionId= - already initialized
 [ERROR] 2016-09-14 16:56:18 org.apache.hadoop.util.Shell@(Shell.java:373):Failed to locate the winutils binary in the hadoop binary path
 java.io.IOException: Could not locate executable null\bin\winutils.exe in the Hadoop binaries.
	at org.apache.hadoop.util.Shell.getQualifiedBinPath(Shell.java:355)
	at org.apache.hadoop.util.Shell.getWinUtilsPath(Shell.java:370)
	at org.apache.hadoop.util.Shell.<clinit>(Shell.java:363)
	at org.apache.hadoop.util.GenericOptionsParser.preProcessForWindows(GenericOptionsParser.java:438)
	at org.apache.hadoop.util.GenericOptionsParser.parseGeneralOptions(GenericOptionsParser.java:484)
	at org.apache.hadoop.util.GenericOptionsParser.<init>(GenericOptionsParser.java:170)
	at org.apache.hadoop.util.GenericOptionsParser.<init>(GenericOptionsParser.java:153)
	at org.apache.hadoop.util.ToolRunner.run(ToolRunner.java:64)
	at example.MapredColorCount.main(MapredColorCount.java:94)
[WARN ] 2016-09-14 16:56:18 org.apache.hadoop.util.NativeCodeLoader@(NativeCodeLoader.java:62):Unable to load native-hadoop library for your platform... using builtin-java classes where applicable
 [INFO ] 2016-09-14 16:56:19 org.apache.hadoop.yarn.client.RMProxy@(RMProxy.java:98):Connecting to ResourceManager at master/192.168.3.174:8032
 [INFO ] 2016-09-14 16:56:19 org.apache.hadoop.yarn.client.RMProxy@(RMProxy.java:98):Connecting to ResourceManager at master/192.168.3.174:8032
 [INFO ] 2016-09-14 16:56:20 org.apache.hadoop.mapred.FileInputFormat@(FileInputFormat.java:247):Total input paths to process : 1
 [INFO ] 2016-09-14 16:56:20 org.apache.hadoop.mapreduce.JobSubmitter@(JobSubmitter.java:199):number of splits:2
 [INFO ] 2016-09-14 16:56:20 org.apache.hadoop.mapreduce.JobSubmitter@(JobSubmitter.java:288):Submitting tokens for job: job_1473871316656_0002
 [INFO ] 2016-09-14 16:56:20 org.apache.hadoop.yarn.client.api.impl.YarnClientImpl@(YarnClientImpl.java:251):Submitted application application_1473871316656_0002
 [INFO ] 2016-09-14 16:56:20 org.apache.hadoop.mapreduce.Job@(Job.java:1301):The url to track the job: http://master:8088/proxy/application_1473871316656_0002/
 [INFO ] 2016-09-14 16:56:20 org.apache.hadoop.mapreduce.Job@(Job.java:1346):Running job: job_1473871316656_0002
 [INFO ] 2016-09-14 16:56:25 org.apache.hadoop.mapreduce.Job@(Job.java:1367):Job job_1473871316656_0002 running in uber mode : false
 [INFO ] 2016-09-14 16:56:25 org.apache.hadoop.mapreduce.Job@(Job.java:1374): map 0% reduce 0%
 [ERROR] 2016-09-14 16:59:06 org.apache.hadoop.util.Shell@(Shell.java:373):Failed to locate the winutils binary in the hadoop binary path
 java.io.IOException: Could not locate executable null\bin\winutils.exe in the Hadoop binaries.
	at org.apache.hadoop.util.Shell.getQualifiedBinPath(Shell.java:355)
	at org.apache.hadoop.util.Shell.getWinUtilsPath(Shell.java:370)
	at org.apache.hadoop.util.Shell.<clinit>(Shell.java:363)
	at org.apache.hadoop.util.GenericOptionsParser.preProcessForWindows(GenericOptionsParser.java:438)
	at org.apache.hadoop.util.GenericOptionsParser.parseGeneralOptions(GenericOptionsParser.java:484)
	at org.apache.hadoop.util.GenericOptionsParser.<init>(GenericOptionsParser.java:170)
	at org.apache.hadoop.util.GenericOptionsParser.<init>(GenericOptionsParser.java:153)
	at org.apache.hadoop.util.ToolRunner.run(ToolRunner.java:64)
	at example.MapredColorCount.main(MapredColorCount.java:94)
[WARN ] 2016-09-14 16:59:06 org.apache.hadoop.util.NativeCodeLoader@(NativeCodeLoader.java:62):Unable to load native-hadoop library for your platform... using builtin-java classes where applicable
 [INFO ] 2016-09-14 16:59:07 org.apache.hadoop.conf.Configuration@(Configuration.java:1129):session.id is deprecated. Instead, use dfs.metrics.session-id
 [INFO ] 2016-09-14 16:59:07 org.apache.hadoop.metrics.jvm.JvmMetrics@(JvmMetrics.java:76):Initializing JVM Metrics with processName=JobTracker, sessionId=
 [INFO ] 2016-09-14 16:59:07 org.apache.hadoop.metrics.jvm.JvmMetrics@(JvmMetrics.java:71):Cannot initialize JVM Metrics with processName=JobTracker, sessionId= - already initialized
 [ERROR] 2016-09-14 17:15:58 org.apache.hadoop.util.Shell@(Shell.java:373):Failed to locate the winutils binary in the hadoop binary path
 java.io.IOException: Could not locate executable null\bin\winutils.exe in the Hadoop binaries.
	at org.apache.hadoop.util.Shell.getQualifiedBinPath(Shell.java:355)
	at org.apache.hadoop.util.Shell.getWinUtilsPath(Shell.java:370)
	at org.apache.hadoop.util.Shell.<clinit>(Shell.java:363)
	at org.apache.hadoop.util.GenericOptionsParser.preProcessForWindows(GenericOptionsParser.java:438)
	at org.apache.hadoop.util.GenericOptionsParser.parseGeneralOptions(GenericOptionsParser.java:484)
	at org.apache.hadoop.util.GenericOptionsParser.<init>(GenericOptionsParser.java:170)
	at org.apache.hadoop.util.GenericOptionsParser.<init>(GenericOptionsParser.java:153)
	at org.apache.hadoop.util.ToolRunner.run(ToolRunner.java:64)
	at org.apache.hadoop.util.ToolRunner.run(ToolRunner.java:84)
	at example.MapReduceColorCount.main(MapReduceColorCount.java:94)
[WARN ] 2016-09-14 17:16:02 org.apache.hadoop.util.NativeCodeLoader@(NativeCodeLoader.java:62):Unable to load native-hadoop library for your platform... using builtin-java classes where applicable
 [INFO ] 2016-09-14 17:16:08 org.apache.hadoop.conf.Configuration@(Configuration.java:1129):session.id is deprecated. Instead, use dfs.metrics.session-id
 [INFO ] 2016-09-14 17:16:08 org.apache.hadoop.metrics.jvm.JvmMetrics@(JvmMetrics.java:76):Initializing JVM Metrics with processName=JobTracker, sessionId=
 [ERROR] 2016-09-14 17:18:11 org.apache.hadoop.util.Shell@(Shell.java:373):Failed to locate the winutils binary in the hadoop binary path
 java.io.IOException: Could not locate executable null\bin\winutils.exe in the Hadoop binaries.
	at org.apache.hadoop.util.Shell.getQualifiedBinPath(Shell.java:355)
	at org.apache.hadoop.util.Shell.getWinUtilsPath(Shell.java:370)
	at org.apache.hadoop.util.Shell.<clinit>(Shell.java:363)
	at org.apache.hadoop.util.GenericOptionsParser.preProcessForWindows(GenericOptionsParser.java:438)
	at org.apache.hadoop.util.GenericOptionsParser.parseGeneralOptions(GenericOptionsParser.java:484)
	at org.apache.hadoop.util.GenericOptionsParser.<init>(GenericOptionsParser.java:170)
	at org.apache.hadoop.util.GenericOptionsParser.<init>(GenericOptionsParser.java:153)
	at org.apache.hadoop.util.ToolRunner.run(ToolRunner.java:64)
	at org.apache.hadoop.util.ToolRunner.run(ToolRunner.java:84)
	at example.MapReduceColorCount.main(MapReduceColorCount.java:106)
[WARN ] 2016-09-14 17:18:11 org.apache.hadoop.util.NativeCodeLoader@(NativeCodeLoader.java:62):Unable to load native-hadoop library for your platform... using builtin-java classes where applicable
 [INFO ] 2016-09-14 17:18:12 org.apache.hadoop.conf.Configuration@(Configuration.java:1129):session.id is deprecated. Instead, use dfs.metrics.session-id
 [INFO ] 2016-09-14 17:18:12 org.apache.hadoop.metrics.jvm.JvmMetrics@(JvmMetrics.java:76):Initializing JVM Metrics with processName=JobTracker, sessionId=
 [ERROR] 2016-09-14 17:19:35 org.apache.hadoop.util.Shell@(Shell.java:373):Failed to locate the winutils binary in the hadoop binary path
 java.io.IOException: Could not locate executable null\bin\winutils.exe in the Hadoop binaries.
	at org.apache.hadoop.util.Shell.getQualifiedBinPath(Shell.java:355)
	at org.apache.hadoop.util.Shell.getWinUtilsPath(Shell.java:370)
	at org.apache.hadoop.util.Shell.<clinit>(Shell.java:363)
	at org.apache.hadoop.util.GenericOptionsParser.preProcessForWindows(GenericOptionsParser.java:438)
	at org.apache.hadoop.util.GenericOptionsParser.parseGeneralOptions(GenericOptionsParser.java:484)
	at org.apache.hadoop.util.GenericOptionsParser.<init>(GenericOptionsParser.java:170)
	at org.apache.hadoop.util.GenericOptionsParser.<init>(GenericOptionsParser.java:153)
	at org.apache.hadoop.util.ToolRunner.run(ToolRunner.java:64)
	at org.apache.hadoop.util.ToolRunner.run(ToolRunner.java:84)
	at example.MapReduceColorCount.main(MapReduceColorCount.java:106)
[WARN ] 2016-09-14 17:19:42 org.apache.hadoop.util.NativeCodeLoader@(NativeCodeLoader.java:62):Unable to load native-hadoop library for your platform... using builtin-java classes where applicable
 [INFO ] 2016-09-14 17:19:50 org.apache.hadoop.conf.Configuration@(Configuration.java:1129):session.id is deprecated. Instead, use dfs.metrics.session-id
 [INFO ] 2016-09-14 17:19:50 org.apache.hadoop.metrics.jvm.JvmMetrics@(JvmMetrics.java:76):Initializing JVM Metrics with processName=JobTracker, sessionId=
 [ERROR] 2016-09-14 17:22:39 org.apache.hadoop.util.Shell@(Shell.java:373):Failed to locate the winutils binary in the hadoop binary path
 java.io.IOException: Could not locate executable null\bin\winutils.exe in the Hadoop binaries.
	at org.apache.hadoop.util.Shell.getQualifiedBinPath(Shell.java:355)
	at org.apache.hadoop.util.Shell.getWinUtilsPath(Shell.java:370)
	at org.apache.hadoop.util.Shell.<clinit>(Shell.java:363)
	at org.apache.hadoop.util.GenericOptionsParser.preProcessForWindows(GenericOptionsParser.java:438)
	at org.apache.hadoop.util.GenericOptionsParser.parseGeneralOptions(GenericOptionsParser.java:484)
	at org.apache.hadoop.util.GenericOptionsParser.<init>(GenericOptionsParser.java:170)
	at org.apache.hadoop.util.GenericOptionsParser.<init>(GenericOptionsParser.java:153)
	at org.apache.hadoop.util.ToolRunner.run(ToolRunner.java:64)
	at org.apache.hadoop.util.ToolRunner.run(ToolRunner.java:84)
	at example.MapReduceColorCount.main(MapReduceColorCount.java:100)
[WARN ] 2016-09-14 17:22:40 org.apache.hadoop.util.NativeCodeLoader@(NativeCodeLoader.java:62):Unable to load native-hadoop library for your platform... using builtin-java classes where applicable
 [INFO ] 2016-09-14 17:22:41 org.apache.hadoop.yarn.client.RMProxy@(RMProxy.java:98):Connecting to ResourceManager at master/192.168.3.174:8032
 [ERROR] 2016-09-14 17:26:05 org.apache.hadoop.util.Shell@(Shell.java:373):Failed to locate the winutils binary in the hadoop binary path
 java.io.IOException: Could not locate executable null\bin\winutils.exe in the Hadoop binaries.
	at org.apache.hadoop.util.Shell.getQualifiedBinPath(Shell.java:355)
	at org.apache.hadoop.util.Shell.getWinUtilsPath(Shell.java:370)
	at org.apache.hadoop.util.Shell.<clinit>(Shell.java:363)
	at org.apache.hadoop.util.GenericOptionsParser.preProcessForWindows(GenericOptionsParser.java:438)
	at org.apache.hadoop.util.GenericOptionsParser.parseGeneralOptions(GenericOptionsParser.java:484)
	at org.apache.hadoop.util.GenericOptionsParser.<init>(GenericOptionsParser.java:170)
	at org.apache.hadoop.util.GenericOptionsParser.<init>(GenericOptionsParser.java:153)
	at org.apache.hadoop.util.ToolRunner.run(ToolRunner.java:64)
	at org.apache.hadoop.util.ToolRunner.run(ToolRunner.java:84)
	at example.MapReduceColorCount.main(MapReduceColorCount.java:108)
[WARN ] 2016-09-14 17:26:05 org.apache.hadoop.util.NativeCodeLoader@(NativeCodeLoader.java:62):Unable to load native-hadoop library for your platform... using builtin-java classes where applicable
 [INFO ] 2016-09-14 17:26:06 org.apache.hadoop.yarn.client.RMProxy@(RMProxy.java:98):Connecting to ResourceManager at master/192.168.3.174:8032
 [INFO ] 2016-09-14 17:26:08 org.apache.hadoop.mapreduce.lib.input.FileInputFormat@(FileInputFormat.java:281):Total input paths to process : 1
 [INFO ] 2016-09-14 17:26:08 org.apache.hadoop.mapreduce.JobSubmitter@(JobSubmitter.java:199):number of splits:1
 [INFO ] 2016-09-14 17:26:09 org.apache.hadoop.mapreduce.JobSubmitter@(JobSubmitter.java:288):Submitting tokens for job: job_1473871316656_0003
 [INFO ] 2016-09-14 17:26:09 org.apache.hadoop.yarn.client.api.impl.YarnClientImpl@(YarnClientImpl.java:251):Submitted application application_1473871316656_0003
 [INFO ] 2016-09-14 17:26:10 org.apache.hadoop.mapreduce.Job@(Job.java:1301):The url to track the job: http://master:8088/proxy/application_1473871316656_0003/
 [INFO ] 2016-09-14 17:26:10 org.apache.hadoop.mapreduce.Job@(Job.java:1346):Running job: job_1473871316656_0003
 [INFO ] 2016-09-14 17:26:14 org.apache.hadoop.mapreduce.Job@(Job.java:1367):Job job_1473871316656_0003 running in uber mode : false
 [INFO ] 2016-09-14 17:26:14 org.apache.hadoop.mapreduce.Job@(Job.java:1374): map 0% reduce 0%
 [INFO ] 2016-09-14 17:26:17 org.apache.hadoop.mapreduce.Job@(Job.java:1453):Task Id : attempt_1473871316656_0003_m_000000_0, Status : FAILED
 [INFO ] 2016-09-14 17:26:20 org.apache.hadoop.mapreduce.Job@(Job.java:1453):Task Id : attempt_1473871316656_0003_m_000000_1, Status : FAILED
 [INFO ] 2016-09-14 17:26:23 org.apache.hadoop.mapreduce.Job@(Job.java:1453):Task Id : attempt_1473871316656_0003_m_000000_2, Status : FAILED
 [INFO ] 2016-09-14 17:26:27 org.apache.hadoop.mapreduce.Job@(Job.java:1374): map 100% reduce 100%
 [INFO ] 2016-09-14 17:26:27 org.apache.hadoop.mapreduce.Job@(Job.java:1387):Job job_1473871316656_0003 failed with state FAILED due to: Task failed task_1473871316656_0003_m_000000
Job failed as tasks failed. failedMaps:1 failedReduces:0

 [INFO ] 2016-09-14 17:26:27 org.apache.hadoop.mapreduce.Job@(Job.java:1392):Counters: 16
	Job Counters 
		Failed map tasks=4
		Killed reduce tasks=1
		Launched map tasks=4
		Other local map tasks=3
		Data-local map tasks=1
		Total time spent by all maps in occupied slots (ms)=7229
		Total time spent by all reduces in occupied slots (ms)=0
		Total time spent by all map tasks (ms)=7229
		Total time spent by all reduce tasks (ms)=0
		Total vcore-milliseconds taken by all map tasks=7229
		Total vcore-milliseconds taken by all reduce tasks=0
		Total megabyte-milliseconds taken by all map tasks=7402496
		Total megabyte-milliseconds taken by all reduce tasks=0
	Map-Reduce Framework
		CPU time spent (ms)=0
		Physical memory (bytes) snapshot=0
		Virtual memory (bytes) snapshot=0
 [ERROR] 2016-09-14 17:26:52 org.apache.hadoop.util.Shell@(Shell.java:373):Failed to locate the winutils binary in the hadoop binary path
 java.io.IOException: Could not locate executable null\bin\winutils.exe in the Hadoop binaries.
	at org.apache.hadoop.util.Shell.getQualifiedBinPath(Shell.java:355)
	at org.apache.hadoop.util.Shell.getWinUtilsPath(Shell.java:370)
	at org.apache.hadoop.util.Shell.<clinit>(Shell.java:363)
	at org.apache.hadoop.util.GenericOptionsParser.preProcessForWindows(GenericOptionsParser.java:438)
	at org.apache.hadoop.util.GenericOptionsParser.parseGeneralOptions(GenericOptionsParser.java:484)
	at org.apache.hadoop.util.GenericOptionsParser.<init>(GenericOptionsParser.java:170)
	at org.apache.hadoop.util.GenericOptionsParser.<init>(GenericOptionsParser.java:153)
	at org.apache.hadoop.util.ToolRunner.run(ToolRunner.java:64)
	at org.apache.hadoop.util.ToolRunner.run(ToolRunner.java:84)
	at example.MapReduceColorCount.main(MapReduceColorCount.java:108)
[WARN ] 2016-09-14 17:26:52 org.apache.hadoop.util.NativeCodeLoader@(NativeCodeLoader.java:62):Unable to load native-hadoop library for your platform... using builtin-java classes where applicable
 [INFO ] 2016-09-14 17:26:53 org.apache.hadoop.yarn.client.RMProxy@(RMProxy.java:98):Connecting to ResourceManager at master/192.168.3.174:8032
 [INFO ] 2016-09-14 17:26:54 org.apache.hadoop.mapreduce.lib.input.FileInputFormat@(FileInputFormat.java:281):Total input paths to process : 1
 [INFO ] 2016-09-14 17:26:54 org.apache.hadoop.mapreduce.JobSubmitter@(JobSubmitter.java:199):number of splits:1
 [INFO ] 2016-09-14 17:26:54 org.apache.hadoop.mapreduce.JobSubmitter@(JobSubmitter.java:288):Submitting tokens for job: job_1473871316656_0004
 [INFO ] 2016-09-14 17:26:54 org.apache.hadoop.yarn.client.api.impl.YarnClientImpl@(YarnClientImpl.java:251):Submitted application application_1473871316656_0004
 [INFO ] 2016-09-14 17:26:54 org.apache.hadoop.mapreduce.Job@(Job.java:1301):The url to track the job: http://master:8088/proxy/application_1473871316656_0004/
 [INFO ] 2016-09-14 17:26:54 org.apache.hadoop.mapreduce.Job@(Job.java:1346):Running job: job_1473871316656_0004
 [INFO ] 2016-09-14 17:26:58 org.apache.hadoop.mapreduce.Job@(Job.java:1367):Job job_1473871316656_0004 running in uber mode : false
 [INFO ] 2016-09-14 17:26:58 org.apache.hadoop.mapreduce.Job@(Job.java:1374): map 0% reduce 0%
 [INFO ] 2016-09-14 17:27:01 org.apache.hadoop.mapreduce.Job@(Job.java:1453):Task Id : attempt_1473871316656_0004_m_000000_0, Status : FAILED
 [INFO ] 2016-09-14 17:27:04 org.apache.hadoop.mapreduce.Job@(Job.java:1453):Task Id : attempt_1473871316656_0004_m_000000_1, Status : FAILED
 [INFO ] 2016-09-14 17:27:07 org.apache.hadoop.mapreduce.Job@(Job.java:1453):Task Id : attempt_1473871316656_0004_m_000000_2, Status : FAILED
 [INFO ] 2016-09-14 17:27:11 org.apache.hadoop.mapreduce.Job@(Job.java:1374): map 100% reduce 100%
 [INFO ] 2016-09-14 17:27:11 org.apache.hadoop.mapreduce.Job@(Job.java:1387):Job job_1473871316656_0004 failed with state FAILED due to: Task failed task_1473871316656_0004_m_000000
Job failed as tasks failed. failedMaps:1 failedReduces:0

 [INFO ] 2016-09-14 17:27:11 org.apache.hadoop.mapreduce.Job@(Job.java:1392):Counters: 16
	Job Counters 
		Failed map tasks=4
		Killed reduce tasks=1
		Launched map tasks=4
		Other local map tasks=3
		Data-local map tasks=1
		Total time spent by all maps in occupied slots (ms)=7086
		Total time spent by all reduces in occupied slots (ms)=0
		Total time spent by all map tasks (ms)=7086
		Total time spent by all reduce tasks (ms)=0
		Total vcore-milliseconds taken by all map tasks=7086
		Total vcore-milliseconds taken by all reduce tasks=0
		Total megabyte-milliseconds taken by all map tasks=7256064
		Total megabyte-milliseconds taken by all reduce tasks=0
	Map-Reduce Framework
		CPU time spent (ms)=0
		Physical memory (bytes) snapshot=0
		Virtual memory (bytes) snapshot=0
 [ERROR] 2016-09-14 17:28:24 org.apache.hadoop.util.Shell@(Shell.java:373):Failed to locate the winutils binary in the hadoop binary path
 java.io.IOException: Could not locate executable null\bin\winutils.exe in the Hadoop binaries.
	at org.apache.hadoop.util.Shell.getQualifiedBinPath(Shell.java:355)
	at org.apache.hadoop.util.Shell.getWinUtilsPath(Shell.java:370)
	at org.apache.hadoop.util.Shell.<clinit>(Shell.java:363)
	at org.apache.hadoop.util.GenericOptionsParser.preProcessForWindows(GenericOptionsParser.java:438)
	at org.apache.hadoop.util.GenericOptionsParser.parseGeneralOptions(GenericOptionsParser.java:484)
	at org.apache.hadoop.util.GenericOptionsParser.<init>(GenericOptionsParser.java:170)
	at org.apache.hadoop.util.GenericOptionsParser.<init>(GenericOptionsParser.java:153)
	at org.apache.hadoop.util.ToolRunner.run(ToolRunner.java:64)
	at org.apache.hadoop.util.ToolRunner.run(ToolRunner.java:84)
	at example.MapReduceColorCount.main(MapReduceColorCount.java:108)
[WARN ] 2016-09-14 17:28:24 org.apache.hadoop.util.NativeCodeLoader@(NativeCodeLoader.java:62):Unable to load native-hadoop library for your platform... using builtin-java classes where applicable
 [INFO ] 2016-09-14 17:28:25 org.apache.hadoop.yarn.client.RMProxy@(RMProxy.java:98):Connecting to ResourceManager at master/192.168.3.174:8032
 [INFO ] 2016-09-14 17:28:26 org.apache.hadoop.mapreduce.lib.input.FileInputFormat@(FileInputFormat.java:281):Total input paths to process : 1
 [INFO ] 2016-09-14 17:28:26 org.apache.hadoop.mapreduce.JobSubmitter@(JobSubmitter.java:199):number of splits:1
 [INFO ] 2016-09-14 17:28:26 org.apache.hadoop.mapreduce.JobSubmitter@(JobSubmitter.java:288):Submitting tokens for job: job_1473874061881_0001
 [INFO ] 2016-09-14 17:28:26 org.apache.hadoop.yarn.client.api.impl.YarnClientImpl@(YarnClientImpl.java:251):Submitted application application_1473874061881_0001
 [INFO ] 2016-09-14 17:28:26 org.apache.hadoop.mapreduce.Job@(Job.java:1301):The url to track the job: http://master:8088/proxy/application_1473874061881_0001/
 [INFO ] 2016-09-14 17:28:26 org.apache.hadoop.mapreduce.Job@(Job.java:1346):Running job: job_1473874061881_0001
 [INFO ] 2016-09-14 17:28:32 org.apache.hadoop.mapreduce.Job@(Job.java:1367):Job job_1473874061881_0001 running in uber mode : false
 [INFO ] 2016-09-14 17:28:32 org.apache.hadoop.mapreduce.Job@(Job.java:1374): map 0% reduce 0%
 [INFO ] 2016-09-14 17:28:35 org.apache.hadoop.mapreduce.Job@(Job.java:1453):Task Id : attempt_1473874061881_0001_m_000000_0, Status : FAILED
 [INFO ] 2016-09-14 17:28:38 org.apache.hadoop.mapreduce.Job@(Job.java:1453):Task Id : attempt_1473874061881_0001_m_000000_1, Status : FAILED
 [INFO ] 2016-09-14 17:28:41 org.apache.hadoop.mapreduce.Job@(Job.java:1453):Task Id : attempt_1473874061881_0001_m_000000_2, Status : FAILED
 [INFO ] 2016-09-14 17:28:45 org.apache.hadoop.mapreduce.Job@(Job.java:1374): map 100% reduce 100%
 [INFO ] 2016-09-14 17:28:45 org.apache.hadoop.mapreduce.Job@(Job.java:1387):Job job_1473874061881_0001 failed with state FAILED due to: Task failed task_1473874061881_0001_m_000000
Job failed as tasks failed. failedMaps:1 failedReduces:0

 [INFO ] 2016-09-14 17:28:45 org.apache.hadoop.mapreduce.Job@(Job.java:1392):Counters: 16
	Job Counters 
		Failed map tasks=4
		Killed reduce tasks=1
		Launched map tasks=4
		Other local map tasks=3
		Data-local map tasks=1
		Total time spent by all maps in occupied slots (ms)=7671
		Total time spent by all reduces in occupied slots (ms)=0
		Total time spent by all map tasks (ms)=7671
		Total time spent by all reduce tasks (ms)=0
		Total vcore-milliseconds taken by all map tasks=7671
		Total vcore-milliseconds taken by all reduce tasks=0
		Total megabyte-milliseconds taken by all map tasks=7855104
		Total megabyte-milliseconds taken by all reduce tasks=0
	Map-Reduce Framework
		CPU time spent (ms)=0
		Physical memory (bytes) snapshot=0
		Virtual memory (bytes) snapshot=0
 [ERROR] 2016-09-14 17:30:03 org.apache.hadoop.util.Shell@(Shell.java:373):Failed to locate the winutils binary in the hadoop binary path
 java.io.IOException: Could not locate executable null\bin\winutils.exe in the Hadoop binaries.
	at org.apache.hadoop.util.Shell.getQualifiedBinPath(Shell.java:355)
	at org.apache.hadoop.util.Shell.getWinUtilsPath(Shell.java:370)
	at org.apache.hadoop.util.Shell.<clinit>(Shell.java:363)
	at org.apache.hadoop.util.GenericOptionsParser.preProcessForWindows(GenericOptionsParser.java:438)
	at org.apache.hadoop.util.GenericOptionsParser.parseGeneralOptions(GenericOptionsParser.java:484)
	at org.apache.hadoop.util.GenericOptionsParser.<init>(GenericOptionsParser.java:170)
	at org.apache.hadoop.util.GenericOptionsParser.<init>(GenericOptionsParser.java:153)
	at org.apache.hadoop.util.ToolRunner.run(ToolRunner.java:64)
	at example.MapredColorCount.main(MapredColorCount.java:94)
	at sun.reflect.NativeMethodAccessorImpl.invoke0(Native Method)
	at sun.reflect.NativeMethodAccessorImpl.invoke(NativeMethodAccessorImpl.java:57)
	at sun.reflect.DelegatingMethodAccessorImpl.invoke(DelegatingMethodAccessorImpl.java:43)
	at java.lang.reflect.Method.invoke(Method.java:606)
	at com.intellij.rt.execution.application.AppMain.main(AppMain.java:144)
[WARN ] 2016-09-14 17:30:03 org.apache.hadoop.util.NativeCodeLoader@(NativeCodeLoader.java:62):Unable to load native-hadoop library for your platform... using builtin-java classes where applicable
 [INFO ] 2016-09-14 17:30:04 org.apache.hadoop.yarn.client.RMProxy@(RMProxy.java:98):Connecting to ResourceManager at master/192.168.3.174:8032
 [INFO ] 2016-09-14 17:30:04 org.apache.hadoop.yarn.client.RMProxy@(RMProxy.java:98):Connecting to ResourceManager at master/192.168.3.174:8032
 [INFO ] 2016-09-14 17:30:04 org.apache.hadoop.mapred.FileInputFormat@(FileInputFormat.java:247):Total input paths to process : 1
 [INFO ] 2016-09-14 17:30:05 org.apache.hadoop.mapreduce.JobSubmitter@(JobSubmitter.java:199):number of splits:2
 [INFO ] 2016-09-14 17:30:05 org.apache.hadoop.mapreduce.JobSubmitter@(JobSubmitter.java:288):Submitting tokens for job: job_1473874061881_0002
 [INFO ] 2016-09-14 17:30:05 org.apache.hadoop.yarn.client.api.impl.YarnClientImpl@(YarnClientImpl.java:251):Submitted application application_1473874061881_0002
 [INFO ] 2016-09-14 17:30:05 org.apache.hadoop.mapreduce.Job@(Job.java:1301):The url to track the job: http://master:8088/proxy/application_1473874061881_0002/
 [INFO ] 2016-09-14 17:30:05 org.apache.hadoop.mapreduce.Job@(Job.java:1346):Running job: job_1473874061881_0002
 [INFO ] 2016-09-14 17:30:09 org.apache.hadoop.mapreduce.Job@(Job.java:1367):Job job_1473874061881_0002 running in uber mode : false
 [INFO ] 2016-09-14 17:30:09 org.apache.hadoop.mapreduce.Job@(Job.java:1374): map 0% reduce 0%
 [INFO ] 2016-09-14 17:30:14 org.apache.hadoop.mapreduce.Job@(Job.java:1374): map 100% reduce 0%
 [INFO ] 2016-09-14 17:30:20 org.apache.hadoop.mapreduce.Job@(Job.java:1374): map 100% reduce 100%
 [INFO ] 2016-09-14 17:30:20 org.apache.hadoop.mapreduce.Job@(Job.java:1385):Job job_1473874061881_0002 completed successfully
 [INFO ] 2016-09-14 17:30:20 org.apache.hadoop.mapreduce.Job@(Job.java:1392):Counters: 49
	File System Counters
		FILE: Number of bytes read=41
		FILE: Number of bytes written=325734
		FILE: Number of read operations=0
		FILE: Number of large read operations=0
		FILE: Number of write operations=0
		HDFS: Number of bytes read=1296
		HDFS: Number of bytes written=249
		HDFS: Number of read operations=11
		HDFS: Number of large read operations=0
		HDFS: Number of write operations=2
	Job Counters 
		Launched map tasks=2
		Launched reduce tasks=1
		Data-local map tasks=2
		Total time spent by all maps in occupied slots (ms)=6487
		Total time spent by all reduces in occupied slots (ms)=3129
		Total time spent by all map tasks (ms)=6487
		Total time spent by all reduce tasks (ms)=3129
		Total vcore-milliseconds taken by all map tasks=6487
		Total vcore-milliseconds taken by all reduce tasks=3129
		Total megabyte-milliseconds taken by all map tasks=6642688
		Total megabyte-milliseconds taken by all reduce tasks=3204096
	Map-Reduce Framework
		Map input records=5
		Map output records=5
		Map output bytes=25
		Map output materialized bytes=47
		Input split bytes=178
		Combine input records=0
		Combine output records=0
		Reduce input groups=4
		Reduce shuffle bytes=47
		Reduce input records=5
		Reduce output records=4
		Spilled Records=10
		Shuffled Maps =2
		Failed Shuffles=0
		Merged Map outputs=2
		GC time elapsed (ms)=112
		CPU time spent (ms)=1760
		Physical memory (bytes) snapshot=742035456
		Virtual memory (bytes) snapshot=2702159872
		Total committed heap usage (bytes)=505413632
	Shuffle Errors
		BAD_ID=0
		CONNECTION=0
		IO_ERROR=0
		WRONG_LENGTH=0
		WRONG_MAP=0
		WRONG_REDUCE=0
	File Input Format Counters 
		Bytes Read=1118
	File Output Format Counters 
		Bytes Written=249
 [ERROR] 2016-09-14 17:34:41 org.apache.hadoop.util.Shell@(Shell.java:373):Failed to locate the winutils binary in the hadoop binary path
 java.io.IOException: Could not locate executable null\bin\winutils.exe in the Hadoop binaries.
	at org.apache.hadoop.util.Shell.getQualifiedBinPath(Shell.java:355)
	at org.apache.hadoop.util.Shell.getWinUtilsPath(Shell.java:370)
	at org.apache.hadoop.util.Shell.<clinit>(Shell.java:363)
	at org.apache.hadoop.util.GenericOptionsParser.preProcessForWindows(GenericOptionsParser.java:438)
	at org.apache.hadoop.util.GenericOptionsParser.parseGeneralOptions(GenericOptionsParser.java:484)
	at org.apache.hadoop.util.GenericOptionsParser.<init>(GenericOptionsParser.java:170)
	at org.apache.hadoop.util.GenericOptionsParser.<init>(GenericOptionsParser.java:153)
	at WordCountJava.main(WordCountJava.java:75)
	at sun.reflect.NativeMethodAccessorImpl.invoke0(Native Method)
	at sun.reflect.NativeMethodAccessorImpl.invoke(NativeMethodAccessorImpl.java:57)
	at sun.reflect.DelegatingMethodAccessorImpl.invoke(DelegatingMethodAccessorImpl.java:43)
	at java.lang.reflect.Method.invoke(Method.java:606)
	at com.intellij.rt.execution.application.AppMain.main(AppMain.java:144)
[WARN ] 2016-09-14 17:34:41 org.apache.hadoop.util.NativeCodeLoader@(NativeCodeLoader.java:62):Unable to load native-hadoop library for your platform... using builtin-java classes where applicable
 [INFO ] 2016-09-14 17:34:42 org.apache.hadoop.conf.Configuration@(Configuration.java:1129):session.id is deprecated. Instead, use dfs.metrics.session-id
 [INFO ] 2016-09-14 17:34:42 org.apache.hadoop.metrics.jvm.JvmMetrics@(JvmMetrics.java:76):Initializing JVM Metrics with processName=JobTracker, sessionId=
 [ERROR] 2016-09-14 17:35:05 org.apache.hadoop.util.Shell@(Shell.java:373):Failed to locate the winutils binary in the hadoop binary path
 java.io.IOException: Could not locate executable null\bin\winutils.exe in the Hadoop binaries.
	at org.apache.hadoop.util.Shell.getQualifiedBinPath(Shell.java:355)
	at org.apache.hadoop.util.Shell.getWinUtilsPath(Shell.java:370)
	at org.apache.hadoop.util.Shell.<clinit>(Shell.java:363)
	at org.apache.hadoop.util.GenericOptionsParser.preProcessForWindows(GenericOptionsParser.java:438)
	at org.apache.hadoop.util.GenericOptionsParser.parseGeneralOptions(GenericOptionsParser.java:484)
	at org.apache.hadoop.util.GenericOptionsParser.<init>(GenericOptionsParser.java:170)
	at org.apache.hadoop.util.GenericOptionsParser.<init>(GenericOptionsParser.java:153)
	at WordCountJava.main(WordCountJava.java:75)
	at sun.reflect.NativeMethodAccessorImpl.invoke0(Native Method)
	at sun.reflect.NativeMethodAccessorImpl.invoke(NativeMethodAccessorImpl.java:57)
	at sun.reflect.DelegatingMethodAccessorImpl.invoke(DelegatingMethodAccessorImpl.java:43)
	at java.lang.reflect.Method.invoke(Method.java:606)
	at com.intellij.rt.execution.application.AppMain.main(AppMain.java:144)
[WARN ] 2016-09-14 17:35:05 org.apache.hadoop.util.NativeCodeLoader@(NativeCodeLoader.java:62):Unable to load native-hadoop library for your platform... using builtin-java classes where applicable
 [INFO ] 2016-09-14 17:35:06 org.apache.hadoop.yarn.client.RMProxy@(RMProxy.java:98):Connecting to ResourceManager at master/192.168.3.174:8032
 [INFO ] 2016-09-14 17:35:06 org.apache.hadoop.mapreduce.lib.input.FileInputFormat@(FileInputFormat.java:281):Total input paths to process : 1
 [INFO ] 2016-09-14 17:35:06 org.apache.hadoop.mapreduce.JobSubmitter@(JobSubmitter.java:199):number of splits:1
 [INFO ] 2016-09-14 17:35:06 org.apache.hadoop.mapreduce.JobSubmitter@(JobSubmitter.java:288):Submitting tokens for job: job_1473874061881_0003
 [INFO ] 2016-09-14 17:35:06 org.apache.hadoop.yarn.client.api.impl.YarnClientImpl@(YarnClientImpl.java:251):Submitted application application_1473874061881_0003
 [INFO ] 2016-09-14 17:35:06 org.apache.hadoop.mapreduce.Job@(Job.java:1301):The url to track the job: http://master:8088/proxy/application_1473874061881_0003/
 [INFO ] 2016-09-14 17:35:06 org.apache.hadoop.mapreduce.Job@(Job.java:1346):Running job: job_1473874061881_0003
 [INFO ] 2016-09-14 17:35:12 org.apache.hadoop.mapreduce.Job@(Job.java:1367):Job job_1473874061881_0003 running in uber mode : false
 [INFO ] 2016-09-14 17:35:12 org.apache.hadoop.mapreduce.Job@(Job.java:1374): map 0% reduce 0%
 [INFO ] 2016-09-14 17:35:16 org.apache.hadoop.mapreduce.Job@(Job.java:1374): map 100% reduce 0%
 [INFO ] 2016-09-14 17:35:21 org.apache.hadoop.mapreduce.Job@(Job.java:1374): map 100% reduce 100%
 [INFO ] 2016-09-14 17:35:21 org.apache.hadoop.mapreduce.Job@(Job.java:1385):Job job_1473874061881_0003 completed successfully
 [INFO ] 2016-09-14 17:35:21 org.apache.hadoop.mapreduce.Job@(Job.java:1392):Counters: 49
	File System Counters
		FILE: Number of bytes read=4455
		FILE: Number of bytes written=222903
		FILE: Number of read operations=0
		FILE: Number of large read operations=0
		FILE: Number of write operations=0
		HDFS: Number of bytes read=4031
		HDFS: Number of bytes written=1456
		HDFS: Number of read operations=6
		HDFS: Number of large read operations=0
		HDFS: Number of write operations=2
	Job Counters 
		Launched map tasks=1
		Launched reduce tasks=1
		Data-local map tasks=1
		Total time spent by all maps in occupied slots (ms)=1976
		Total time spent by all reduces in occupied slots (ms)=2047
		Total time spent by all map tasks (ms)=1976
		Total time spent by all reduce tasks (ms)=2047
		Total vcore-milliseconds taken by all map tasks=1976
		Total vcore-milliseconds taken by all reduce tasks=2047
		Total megabyte-milliseconds taken by all map tasks=2023424
		Total megabyte-milliseconds taken by all reduce tasks=2096128
	Map-Reduce Framework
		Map input records=99
		Map output records=540
		Map output bytes=5988
		Map output materialized bytes=4455
		Input split bytes=104
		Combine input records=540
		Combine output records=275
		Reduce input groups=275
		Reduce shuffle bytes=4455
		Reduce input records=275
		Reduce output records=275
		Spilled Records=550
		Shuffled Maps =1
		Failed Shuffles=0
		Merged Map outputs=1
		GC time elapsed (ms)=29
		CPU time spent (ms)=920
		Physical memory (bytes) snapshot=449638400
		Virtual memory (bytes) snapshot=1796509696
		Total committed heap usage (bytes)=311951360
	Shuffle Errors
		BAD_ID=0
		CONNECTION=0
		IO_ERROR=0
		WRONG_LENGTH=0
		WRONG_MAP=0
		WRONG_REDUCE=0
	File Input Format Counters 
		Bytes Read=3927
	File Output Format Counters 
		Bytes Written=1456
 [ERROR] 2016-09-14 17:38:20 org.apache.hadoop.util.Shell@(Shell.java:373):Failed to locate the winutils binary in the hadoop binary path
 java.io.IOException: Could not locate executable null\bin\winutils.exe in the Hadoop binaries.
	at org.apache.hadoop.util.Shell.getQualifiedBinPath(Shell.java:355)
	at org.apache.hadoop.util.Shell.getWinUtilsPath(Shell.java:370)
	at org.apache.hadoop.util.Shell.<clinit>(Shell.java:363)
	at org.apache.hadoop.util.GenericOptionsParser.preProcessForWindows(GenericOptionsParser.java:438)
	at org.apache.hadoop.util.GenericOptionsParser.parseGeneralOptions(GenericOptionsParser.java:484)
	at org.apache.hadoop.util.GenericOptionsParser.<init>(GenericOptionsParser.java:170)
	at org.apache.hadoop.util.GenericOptionsParser.<init>(GenericOptionsParser.java:153)
	at org.apache.hadoop.util.ToolRunner.run(ToolRunner.java:64)
	at org.apache.hadoop.util.ToolRunner.run(ToolRunner.java:84)
	at example.MapReduceColorCount.main(MapReduceColorCount.java:107)
	at sun.reflect.NativeMethodAccessorImpl.invoke0(Native Method)
	at sun.reflect.NativeMethodAccessorImpl.invoke(NativeMethodAccessorImpl.java:57)
	at sun.reflect.DelegatingMethodAccessorImpl.invoke(DelegatingMethodAccessorImpl.java:43)
	at java.lang.reflect.Method.invoke(Method.java:606)
	at com.intellij.rt.execution.application.AppMain.main(AppMain.java:144)
[WARN ] 2016-09-14 17:38:20 org.apache.hadoop.util.NativeCodeLoader@(NativeCodeLoader.java:62):Unable to load native-hadoop library for your platform... using builtin-java classes where applicable
 [INFO ] 2016-09-14 17:38:21 org.apache.hadoop.yarn.client.RMProxy@(RMProxy.java:98):Connecting to ResourceManager at master/192.168.3.174:8032
 [INFO ] 2016-09-14 17:38:22 org.apache.hadoop.mapreduce.lib.input.FileInputFormat@(FileInputFormat.java:281):Total input paths to process : 1
 [INFO ] 2016-09-14 17:38:22 org.apache.hadoop.mapreduce.JobSubmitter@(JobSubmitter.java:199):number of splits:1
 [INFO ] 2016-09-14 17:38:22 org.apache.hadoop.mapreduce.JobSubmitter@(JobSubmitter.java:288):Submitting tokens for job: job_1473874061881_0004
 [INFO ] 2016-09-14 17:38:22 org.apache.hadoop.yarn.client.api.impl.YarnClientImpl@(YarnClientImpl.java:251):Submitted application application_1473874061881_0004
 [INFO ] 2016-09-14 17:38:22 org.apache.hadoop.mapreduce.Job@(Job.java:1301):The url to track the job: http://master:8088/proxy/application_1473874061881_0004/
 [INFO ] 2016-09-14 17:38:22 org.apache.hadoop.mapreduce.Job@(Job.java:1346):Running job: job_1473874061881_0004
 [INFO ] 2016-09-14 17:38:26 org.apache.hadoop.mapreduce.Job@(Job.java:1367):Job job_1473874061881_0004 running in uber mode : false
 [INFO ] 2016-09-14 17:38:26 org.apache.hadoop.mapreduce.Job@(Job.java:1374): map 0% reduce 0%
 [INFO ] 2016-09-14 17:38:29 org.apache.hadoop.mapreduce.Job@(Job.java:1453):Task Id : attempt_1473874061881_0004_m_000000_0, Status : FAILED
 [INFO ] 2016-09-14 17:38:32 org.apache.hadoop.mapreduce.Job@(Job.java:1453):Task Id : attempt_1473874061881_0004_m_000000_1, Status : FAILED
 [INFO ] 2016-09-14 17:38:35 org.apache.hadoop.mapreduce.Job@(Job.java:1453):Task Id : attempt_1473874061881_0004_m_000000_2, Status : FAILED
 [INFO ] 2016-09-14 17:38:39 org.apache.hadoop.mapreduce.Job@(Job.java:1374): map 100% reduce 100%
 [INFO ] 2016-09-14 17:38:39 org.apache.hadoop.mapreduce.Job@(Job.java:1387):Job job_1473874061881_0004 failed with state FAILED due to: Task failed task_1473874061881_0004_m_000000
Job failed as tasks failed. failedMaps:1 failedReduces:0

 [INFO ] 2016-09-14 17:38:40 org.apache.hadoop.mapreduce.Job@(Job.java:1392):Counters: 16
	Job Counters 
		Failed map tasks=4
		Killed reduce tasks=1
		Launched map tasks=4
		Other local map tasks=3
		Data-local map tasks=1
		Total time spent by all maps in occupied slots (ms)=7061
		Total time spent by all reduces in occupied slots (ms)=0
		Total time spent by all map tasks (ms)=7061
		Total time spent by all reduce tasks (ms)=0
		Total vcore-milliseconds taken by all map tasks=7061
		Total vcore-milliseconds taken by all reduce tasks=0
		Total megabyte-milliseconds taken by all map tasks=7230464
		Total megabyte-milliseconds taken by all reduce tasks=0
	Map-Reduce Framework
		CPU time spent (ms)=0
		Physical memory (bytes) snapshot=0
		Virtual memory (bytes) snapshot=0
 [ERROR] 2016-09-14 17:43:11 org.apache.hadoop.util.Shell@(Shell.java:373):Failed to locate the winutils binary in the hadoop binary path
 java.io.IOException: Could not locate executable null\bin\winutils.exe in the Hadoop binaries.
	at org.apache.hadoop.util.Shell.getQualifiedBinPath(Shell.java:355)
	at org.apache.hadoop.util.Shell.getWinUtilsPath(Shell.java:370)
	at org.apache.hadoop.util.Shell.<clinit>(Shell.java:363)
	at org.apache.hadoop.util.GenericOptionsParser.preProcessForWindows(GenericOptionsParser.java:438)
	at org.apache.hadoop.util.GenericOptionsParser.parseGeneralOptions(GenericOptionsParser.java:484)
	at org.apache.hadoop.util.GenericOptionsParser.<init>(GenericOptionsParser.java:170)
	at org.apache.hadoop.util.GenericOptionsParser.<init>(GenericOptionsParser.java:153)
	at org.apache.hadoop.util.ToolRunner.run(ToolRunner.java:64)
	at org.apache.hadoop.util.ToolRunner.run(ToolRunner.java:84)
	at example.MapReduceColorCount.main(MapReduceColorCount.java:107)
	at sun.reflect.NativeMethodAccessorImpl.invoke0(Native Method)
	at sun.reflect.NativeMethodAccessorImpl.invoke(NativeMethodAccessorImpl.java:57)
	at sun.reflect.DelegatingMethodAccessorImpl.invoke(DelegatingMethodAccessorImpl.java:43)
	at java.lang.reflect.Method.invoke(Method.java:606)
	at com.intellij.rt.execution.application.AppMain.main(AppMain.java:144)
[WARN ] 2016-09-14 17:43:11 org.apache.hadoop.util.NativeCodeLoader@(NativeCodeLoader.java:62):Unable to load native-hadoop library for your platform... using builtin-java classes where applicable
 [INFO ] 2016-09-14 17:43:12 org.apache.hadoop.yarn.client.RMProxy@(RMProxy.java:98):Connecting to ResourceManager at master/192.168.3.174:8032
 [INFO ] 2016-09-14 17:43:12 org.apache.hadoop.mapreduce.lib.input.FileInputFormat@(FileInputFormat.java:281):Total input paths to process : 1
 [INFO ] 2016-09-14 17:43:13 org.apache.hadoop.mapreduce.JobSubmitter@(JobSubmitter.java:199):number of splits:1
 [INFO ] 2016-09-14 17:43:13 org.apache.hadoop.mapreduce.JobSubmitter@(JobSubmitter.java:288):Submitting tokens for job: job_1473874061881_0005
 [INFO ] 2016-09-14 17:43:13 org.apache.hadoop.yarn.client.api.impl.YarnClientImpl@(YarnClientImpl.java:251):Submitted application application_1473874061881_0005
 [INFO ] 2016-09-14 17:43:13 org.apache.hadoop.mapreduce.Job@(Job.java:1301):The url to track the job: http://master:8088/proxy/application_1473874061881_0005/
 [INFO ] 2016-09-14 17:43:13 org.apache.hadoop.mapreduce.Job@(Job.java:1346):Running job: job_1473874061881_0005
 [INFO ] 2016-09-14 17:43:17 org.apache.hadoop.mapreduce.Job@(Job.java:1367):Job job_1473874061881_0005 running in uber mode : false
 [INFO ] 2016-09-14 17:43:17 org.apache.hadoop.mapreduce.Job@(Job.java:1374): map 0% reduce 0%
 [INFO ] 2016-09-14 17:43:20 org.apache.hadoop.mapreduce.Job@(Job.java:1453):Task Id : attempt_1473874061881_0005_m_000000_0, Status : FAILED
 [INFO ] 2016-09-14 17:43:23 org.apache.hadoop.mapreduce.Job@(Job.java:1453):Task Id : attempt_1473874061881_0005_m_000000_1, Status : FAILED
 [INFO ] 2016-09-14 17:43:26 org.apache.hadoop.mapreduce.Job@(Job.java:1453):Task Id : attempt_1473874061881_0005_m_000000_2, Status : FAILED
 [INFO ] 2016-09-14 17:43:30 org.apache.hadoop.mapreduce.Job@(Job.java:1374): map 100% reduce 100%
 [INFO ] 2016-09-14 17:43:30 org.apache.hadoop.mapreduce.Job@(Job.java:1387):Job job_1473874061881_0005 failed with state FAILED due to: Task failed task_1473874061881_0005_m_000000
Job failed as tasks failed. failedMaps:1 failedReduces:0

 [INFO ] 2016-09-14 17:43:30 org.apache.hadoop.mapreduce.Job@(Job.java:1392):Counters: 16
	Job Counters 
		Failed map tasks=4
		Killed reduce tasks=1
		Launched map tasks=4
		Other local map tasks=3
		Data-local map tasks=1
		Total time spent by all maps in occupied slots (ms)=7109
		Total time spent by all reduces in occupied slots (ms)=0
		Total time spent by all map tasks (ms)=7109
		Total time spent by all reduce tasks (ms)=0
		Total vcore-milliseconds taken by all map tasks=7109
		Total vcore-milliseconds taken by all reduce tasks=0
		Total megabyte-milliseconds taken by all map tasks=7279616
		Total megabyte-milliseconds taken by all reduce tasks=0
	Map-Reduce Framework
		CPU time spent (ms)=0
		Physical memory (bytes) snapshot=0
		Virtual memory (bytes) snapshot=0
 